<?xml version="1.0" encoding="UTF-8"?>
<!-- Generated by org.testng.reporters.JUnitReportReporter -->
<testsuite hostname="LAPTOP-L31P1TRG" failures="0" tests="4" name="testNG.SkipTestCases" time="0.016" errors="0" timestamp="2022-10-17T13:38:49 IST" skipped="1">
  <testcase classname="testNG.SkipTestCases" name="chats" time="0.012"/>
  <system-out>
    <![CDATA[chats]]>
  </system-out>
  <testcase classname="testNG.SkipTestCases" name="calls" time="0.003"/>
  <system-out>
    <![CDATA[calls]]>
  </system-out>
  <testcase classname="testNG.SkipTestCases" name="calls" time="0.001"/>
  <system-out>
    <![CDATA[calls]]>
  </system-out>
  <testcase classname="testNG.SkipTestCases" name="settings">
    <skipped/>
  </testcase> <!-- settings -->
  <system-out/>
</testsuite> <!-- testNG.SkipTestCases -->
