<?xml version="1.0" encoding="UTF-8"?>
<!-- Generated by org.testng.reporters.JUnitReportReporter -->
<testsuite hostname="LAPTOP-L31P1TRG" failures="0" tests="4" name="testNG.Data_Provider_Login_Scenarios" time="97.220" errors="0" timestamp="2022-10-21T15:05:16 IST" skipped="0">
  <testcase classname="testNG.Data_Provider_Login_Scenarios" name="verifyLogin" time="24.775"/>
  <system-out/>
  <testcase classname="testNG.Data_Provider_Login_Scenarios" name="verifyLogin" time="11.338"/>
  <system-out/>
  <testcase classname="testNG.Data_Provider_Login_Scenarios" name="verifyLogin" time="16.908"/>
  <system-out/>
  <testcase classname="testNG.Data_Provider_Login_Scenarios" name="verifyLogin" time="44.199"/>
  <system-out/>
</testsuite> <!-- testNG.Data_Provider_Login_Scenarios -->
