<?xml version="1.0" encoding="UTF-8"?>
<!-- Generated by org.testng.reporters.JUnitReportReporter -->
<testsuite hostname="LAPTOP-L31P1TRG" failures="0" tests="3" name="testNG.Assertions" time="39.991" errors="0" timestamp="2022-10-17T15:31:44 IST" skipped="0">
  <testcase classname="testNG.Assertions" name="login" time="12.883"/>
  <system-out>
    <![CDATA[actiTIME - Login
https://demo.actitime.com/login.do]]>
  </system-out>
  <testcase classname="testNG.Assertions" name="login" time="12.027"/>
  <system-out>
    <![CDATA[actiTIME - Login
https://demo.actitime.com/login.do]]>
  </system-out>
  <testcase classname="testNG.Assertions" name="login" time="15.081"/>
  <system-out>
    <![CDATA[actiTIME - Login
https://demo.actitime.com/login.do]]>
  </system-out>
</testsuite> <!-- testNG.Assertions -->
