<?xml version="1.0" encoding="UTF-8"?>
<!-- Generated by org.testng.reporters.JUnitReportReporter -->
<testsuite hostname="LAPTOP-L31P1TRG" failures="0" tests="3" name="testNG.Data_Provider" time="104.952" errors="0" timestamp="2023-01-11T12:53:37 IST" skipped="0">
  <testcase classname="testNG.Data_Provider" name="login" time="42.412"/>
  <system-out/>
  <testcase classname="testNG.Data_Provider" name="login" time="27.118"/>
  <system-out/>
  <testcase classname="testNG.Data_Provider" name="login" time="35.422"/>
  <system-out/>
</testsuite> <!-- testNG.Data_Provider -->
