<?xml version="1.0" encoding="UTF-8"?>
<!-- Generated by org.testng.reporters.JUnitReportReporter -->
<testsuite hostname="LAPTOP-L31P1TRG" failures="0" tests="1" name="testNG.Assertions_3" time="47.337" errors="0" timestamp="2022-10-18T14:49:46 IST" skipped="0">
  <testcase classname="testNG.Assertions_3" name="actiTIMEinc" time="47.337"/>
  <system-out>
    <![CDATA[actiTIME - Login
https://demo.actitime.com/login.do]]>
  </system-out>
</testsuite> <!-- testNG.Assertions_3 -->
