<?xml version="1.0" encoding="UTF-8"?>
<!-- Generated by org.testng.reporters.JUnitReportReporter -->
<testsuite hostname="LAPTOP-L31P1TRG" failures="0" tests="6" name="testNG.InvocationCount" time="0.030" errors="0" timestamp="2022-10-17T13:28:56 IST" skipped="0">
  <testcase classname="testNG.InvocationCount" name="calls" time="0.012"/>
  <system-out>
    <![CDATA[calls]]>
  </system-out>
  <testcase classname="testNG.InvocationCount" name="calls" time="0.004"/>
  <system-out>
    <![CDATA[calls]]>
  </system-out>
  <testcase classname="testNG.InvocationCount" name="chats" time="0.003"/>
  <system-out>
    <![CDATA[chats]]>
  </system-out>
  <testcase classname="testNG.InvocationCount" name="chats" time="0.003"/>
  <system-out>
    <![CDATA[chats]]>
  </system-out>
  <testcase classname="testNG.InvocationCount" name="chats" time="0.004"/>
  <system-out>
    <![CDATA[chats]]>
  </system-out>
  <testcase classname="testNG.InvocationCount" name="settings" time="0.004"/>
  <system-out>
    <![CDATA[settings]]>
  </system-out>
</testsuite> <!-- testNG.InvocationCount -->
