<?xml version="1.0" encoding="UTF-8"?>
<!-- Generated by org.testng.reporters.JUnitReportReporter -->
<testsuite hostname="LAPTOP-L31P1TRG" failures="0" tests="1" name="testNG.Assertions_HardAssert" time="54.000" errors="0" timestamp="2022-10-21T10:01:24 IST" skipped="0">
  <testcase classname="testNG.Assertions_HardAssert" name="login" time="54.000"/>
  <system-out>
    <![CDATA[actiTIME - Login
https://demo.actitime.com/login.do]]>
  </system-out>
</testsuite> <!-- testNG.Assertions_HardAssert -->
