<?xml version="1.0" encoding="UTF-8"?>
<!-- Generated by org.testng.reporters.JUnitReportReporter -->
<testsuite hostname="LAPTOP-L31P1TRG" failures="0" tests="1" name="testNG.Assertions_SoftAssert" time="8.263" errors="0" timestamp="2022-10-20T15:28:21 IST" skipped="0">
  <testcase classname="testNG.Assertions_SoftAssert" name="login" time="8.263"/>
  <system-out>
    <![CDATA[actiTIME - Login
https://demo.actitime.com/login.do]]>
  </system-out>
</testsuite> <!-- testNG.Assertions_SoftAssert -->
