<?xml version="1.0" encoding="UTF-8"?>
<!-- Generated by org.testng.reporters.JUnitReportReporter -->
<testsuite hostname="LAPTOP-L31P1TRG" failures="0" tests="1" name="testNG.Printing" time="0.028" errors="0" timestamp="2022-10-17T15:29:29 IST" skipped="0">
  <testcase classname="testNG.Printing" name="demo" time="0.028"/>
  <system-out>
    <![CDATA[hello selenium
hello java]]>
  </system-out>
</testsuite> <!-- testNG.Printing -->
