<?xml version="1.0" encoding="UTF-8"?>
<!-- Generated by org.testng.reporters.JUnitReportReporter -->
<testsuite hostname="LAPTOP-L31P1TRG" failures="0" tests="3" name="testNG.Parallel" time="267.696" errors="0" timestamp="2022-10-19T12:16:39 IST" skipped="0">
  <testcase classname="testNG.Parallel" name="demo" time="88.471"/>
  <system-out>
    <![CDATA[actiTIME - Login
https://demo.actitime.com/login.do]]>
  </system-out>
  <testcase classname="testNG.Parallel" name="demo" time="88.471"/>
  <system-out>
    <![CDATA[actiTIME - Login
https://demo.actitime.com/login.do]]>
  </system-out>
  <testcase classname="testNG.Parallel" name="demo" time="90.754"/>
  <system-out>
    <![CDATA[actiTIME - Login
https://demo.actitime.com/login.do]]>
  </system-out>
</testsuite> <!-- testNG.Parallel -->
